<?xml version="1.0" encoding="UTF-8"?>
<!-- Generated by org.testng.reporters.JUnitReportReporter -->
<testsuite hostname="DESKTOP-404KR26" failures="0" tests="4" name="apis.ApiTest" time="2.734" errors="0" timestamp="2024-11-14T15:27:43 IST" skipped="3">
  <testcase classname="apis.ApiTest" name="testValidateEmail" time="2.734"/>
  <system-out/>
  <testcase classname="apis.ApiTest" name="testSignUp">
    <skipped/>
  </testcase> <!-- testSignUp -->
  <system-out/>
  <testcase classname="apis.ApiTest" name="testLoginPartner">
    <skipped/>
  </testcase> <!-- testLoginPartner -->
  <system-out/>
  <testcase classname="apis.ApiTest" name="testOnboardPartner">
    <skipped/>
  </testcase> <!-- testOnboardPartner -->
  <system-out/>
</testsuite> <!-- apis.ApiTest -->
